<?xml version="1.0" encoding="UTF-8"?>
<!-- Generated by org.testng.reporters.JUnitXMLReporter -->
<testsuite ignored="0" hostname="LAPTOP-8BKVU749" failures="0" tests="4" name="Default test" time="13.228" errors="0" timestamp="2024-11-26T13:54:09 IST">
  <testcase classname="test.UserTests" name="testPostUser" time="5.282"/>
  <testcase classname="test.UserTests" name="testGetUserByName" time="1.456"/>
  <testcase classname="test.UserTests" name="testUpdateUserByName" time="3.16"/>
  <testcase classname="test.UserTests" name="testDeleteUserByName" time="2.042"/>
</testsuite> <!-- Default test -->
