<?xml version="1.0" encoding="UTF-8"?>
<testng-results ignored="0" total="4" passed="4" failed="0" skipped="0">
  <reporter-output>
  </reporter-output>
  <suite started-at="2024-11-26T13:53:55 IST" name="Default suite" finished-at="2024-11-26T13:54:08 IST" duration-ms="13228">
    <groups>
    </groups>
    <test started-at="2024-11-26T13:53:55 IST" name="Default test" finished-at="2024-11-26T13:54:08 IST" duration-ms="13228">
      <class name="test.UserTests">
        <test-method is-config="true" signature="setupData()[pri:0, instance:test.UserTests@368f2016]" started-at="2024-11-26T13:53:55 IST" name="setupData" finished-at="2024-11-26T13:53:57 IST" duration-ms="1211" status="PASS">
          <reporter-output>
          </reporter-output>
        </test-method> <!-- setupData -->
        <test-method signature="testPostUser()[pri:1, instance:test.UserTests@368f2016]" started-at="2024-11-26T13:53:57 IST" name="testPostUser" finished-at="2024-11-26T13:54:02 IST" duration-ms="5282" status="PASS">
          <reporter-output>
          </reporter-output>
        </test-method> <!-- testPostUser -->
        <test-method signature="testGetUserByName()[pri:2, instance:test.UserTests@368f2016]" started-at="2024-11-26T13:54:02 IST" name="testGetUserByName" finished-at="2024-11-26T13:54:03 IST" duration-ms="1456" status="PASS">
          <reporter-output>
          </reporter-output>
        </test-method> <!-- testGetUserByName -->
        <test-method signature="testUpdateUserByName()[pri:3, instance:test.UserTests@368f2016]" started-at="2024-11-26T13:54:03 IST" name="testUpdateUserByName" finished-at="2024-11-26T13:54:06 IST" duration-ms="3160" status="PASS">
          <reporter-output>
          </reporter-output>
        </test-method> <!-- testUpdateUserByName -->
        <test-method signature="testDeleteUserByName()[pri:4, instance:test.UserTests@368f2016]" started-at="2024-11-26T13:54:06 IST" name="testDeleteUserByName" finished-at="2024-11-26T13:54:08 IST" duration-ms="2042" status="PASS">
          <reporter-output>
          </reporter-output>
        </test-method> <!-- testDeleteUserByName -->
      </class> <!-- test.UserTests -->
    </test> <!-- Default test -->
  </suite> <!-- Default suite -->
</testng-results>
