<?xml version="1.0" encoding="UTF-8"?>
<!-- Generated by org.testng.reporters.JUnitXMLReporter -->
<testsuite ignored="0" hostname="LAPTOP-8BKVU749" failures="0" tests="4" name="PetTests" time="10.13" errors="0" timestamp="2024-11-26T12:52:59 IST">
  <testcase classname="test.UserTests" name="testPostUser" time="3.838"/>
  <testcase classname="test.UserTests" name="testGetUserByName" time="1.343"/>
  <testcase classname="test.UserTests" name="testUpdateUserByName" time="2.957"/>
  <testcase classname="test.UserTests" name="testDeleteUserByName" time="1.329"/>
</testsuite> <!-- PetTests -->
